[
    {
        "logtime": "2017/11/15 01:00:01",
        "logdata": [
            0,
            0,
            0,
            0,
            0,
            0,
            0,
            0,
            0,
            0,
            0,
            0,
            0,
            0,
            0,
            0,
            0,
            0,
            0,
            0,
            0,
            0,
            0,
            0,
            0,
            0,
            0,
            0,
            0,
            0,
            0,
            0,
            0,
            0,
            0,
            0,
            0,
            0,
            0,
            0,
            0,
            0,
            0,
            0,
            0,
            0,
            0,
            0,
            0,
            0,
            0,
            0,
            0,
            0,
            0,
            0,
            0,
            0,
            0,
            0,
            0,
            0,
            0,
            0,
            0,
            0,
            0,
            0,
            0,
            0,
            0,
            0,
            0,
            0,
            0,
            0,
            0,
            0,
            0,
            0,
            0,
            0,
            0,
            0,
            0,
            0,
            0,
            0,
            0,
            0,
            0,
            0,
            0,
            0,
            0,
            0,
            0,
            0,
            0,
            0
        ]
    },
    {
        "logtime": "2017/11/15 01:00:01",
        "logdata": [
            {
                "main": 1,
                "kindid": 389,
                "len": 213,
                "sub": 2
            },
            {
                "main": 3,
                "kindid": 389,
                "len": 4,
                "sub": 11
            },
            {
                "main": 100,
                "kindid": 389,
                "len": 9,
                "sub": 1
            },
            {
                "main": 210,
                "kindid": 389,
                "len": 9,
                "sub": 6
            },
            {
                "main": 3,
                "kindid": 389,
                "len": 5,
                "sub": 4
            }
        ]
    }
]